#! /usr/bin/vvp
:ivl_version "10.1 (stable)" "(v10_1)";
:ivl_delay_selection "TYPICAL";
:vpi_time_precision + 0;
:vpi_module "system";
:vpi_module "vhdl_sys";
:vpi_module "v2005_math";
:vpi_module "va_math";
S_0xca0db0 .scope module, "ramSyncControl" "ramSyncControl" 2 1;
 .timescale 0 0;
    .port_info 0 /INPUT 1 "clk"
    .port_info 1 /INPUT 7 "key"
    .port_info 2 /OUTPUT 10 "ax"
    .port_info 3 /OUTPUT 10 "ay"
    .port_info 4 /OUTPUT 10 "bx"
    .port_info 5 /OUTPUT 10 "by"
    .port_info 6 /OUTPUT 10 "cx"
    .port_info 7 /OUTPUT 10 "cy"
v0xca1070_0 .var "ax", 9 0;
v0xd09300_0 .var "ay", 9 0;
v0xd093e0_0 .var "bx", 9 0;
v0xd094d0_0 .var "by", 9 0;
o0x7f29d72380d8 .functor BUFZ 1, C4<z>; HiZ drive
v0xd095b0_0 .net "clk", 0 0, o0x7f29d72380d8;  0 drivers
v0xd096c0_0 .var "cx", 9 0;
v0xd097a0_0 .var "cy", 9 0;
o0x7f29d7238168 .functor BUFZ 7, C4<zzzzzzz>; HiZ drive
v0xd09880_0 .net "key", 6 0, o0x7f29d7238168;  0 drivers
E_0xce8110 .event posedge, v0xd095b0_0;
    .scope S_0xca0db0;
T_0 ;
    %wait E_0xce8110;
    %load/vec4 v0xd09880_0;
    %dup/vec4;
    %pushi/vec4 0, 0, 7;
    %cmp/u;
    %jmp/1 T_0.0, 6;
    %dup/vec4;
    %pushi/vec4 1, 0, 7;
    %cmp/u;
    %jmp/1 T_0.1, 6;
    %dup/vec4;
    %pushi/vec4 2, 0, 7;
    %cmp/u;
    %jmp/1 T_0.2, 6;
    %dup/vec4;
    %pushi/vec4 3, 0, 7;
    %cmp/u;
    %jmp/1 T_0.3, 6;
    %dup/vec4;
    %pushi/vec4 4, 0, 7;
    %cmp/u;
    %jmp/1 T_0.4, 6;
    %dup/vec4;
    %pushi/vec4 5, 0, 7;
    %cmp/u;
    %jmp/1 T_0.5, 6;
    %dup/vec4;
    %pushi/vec4 6, 0, 7;
    %cmp/u;
    %jmp/1 T_0.6, 6;
    %dup/vec4;
    %pushi/vec4 7, 0, 7;
    %cmp/u;
    %jmp/1 T_0.7, 6;
    %dup/vec4;
    %pushi/vec4 8, 0, 7;
    %cmp/u;
    %jmp/1 T_0.8, 6;
    %dup/vec4;
    %pushi/vec4 9, 0, 7;
    %cmp/u;
    %jmp/1 T_0.9, 6;
    %dup/vec4;
    %pushi/vec4 10, 0, 7;
    %cmp/u;
    %jmp/1 T_0.10, 6;
    %dup/vec4;
    %pushi/vec4 11, 0, 7;
    %cmp/u;
    %jmp/1 T_0.11, 6;
    %dup/vec4;
    %pushi/vec4 12, 0, 7;
    %cmp/u;
    %jmp/1 T_0.12, 6;
    %jmp T_0.13;
T_0.0 ;
    %pushi/vec4 248, 0, 10;
    %assign/vec4 v0xca1070_0, 0;
    %pushi/vec4 60, 0, 10;
    %assign/vec4 v0xd09300_0, 0;
    %pushi/vec4 217, 0, 10;
    %assign/vec4 v0xd093e0_0, 0;
    %pushi/vec4 122, 0, 10;
    %assign/vec4 v0xd094d0_0, 0;
    %pushi/vec4 279, 0, 10;
    %assign/vec4 v0xd096c0_0, 0;
    %pushi/vec4 122, 0, 10;
    %assign/vec4 v0xd097a0_0, 0;
    %jmp T_0.13;
T_0.1 ;
    %pushi/vec4 216, 0, 10;
    %assign/vec4 v0xca1070_0, 0;
    %pushi/vec4 124, 0, 10;
    %assign/vec4 v0xd09300_0, 0;
    %pushi/vec4 185, 0, 10;
    %assign/vec4 v0xd093e0_0, 0;
    %pushi/vec4 186, 0, 10;
    %assign/vec4 v0xd094d0_0, 0;
    %pushi/vec4 247, 0, 10;
    %assign/vec4 v0xd096c0_0, 0;
    %pushi/vec4 186, 0, 10;
    %assign/vec4 v0xd097a0_0, 0;
    %jmp T_0.13;
T_0.2 ;
    %pushi/vec4 280, 0, 10;
    %assign/vec4 v0xca1070_0, 0;
    %pushi/vec4 124, 0, 10;
    %assign/vec4 v0xd09300_0, 0;
    %pushi/vec4 249, 0, 10;
    %assign/vec4 v0xd093e0_0, 0;
    %pushi/vec4 186, 0, 10;
    %assign/vec4 v0xd094d0_0, 0;
    %pushi/vec4 233, 0, 10;
    %assign/vec4 v0xd096c0_0, 0;
    %pushi/vec4 186, 0, 10;
    %assign/vec4 v0xd097a0_0, 0;
    %jmp T_0.13;
T_0.3 ;
    %pushi/vec4 120, 0, 10;
    %assign/vec4 v0xca1070_0, 0;
    %pushi/vec4 188, 0, 10;
    %assign/vec4 v0xd09300_0, 0;
    %pushi/vec4 182, 0, 10;
    %assign/vec4 v0xd093e0_0, 0;
    %pushi/vec4 188, 0, 10;
    %assign/vec4 v0xd094d0_0, 0;
    %pushi/vec4 151, 0, 10;
    %assign/vec4 v0xd096c0_0, 0;
    %pushi/vec4 250, 0, 10;
    %assign/vec4 v0xd097a0_0, 0;
    %jmp T_0.13;
T_0.4 ;
    %pushi/vec4 184, 0, 10;
    %assign/vec4 v0xca1070_0, 0;
    %pushi/vec4 188, 0, 10;
    %assign/vec4 v0xd09300_0, 0;
    %pushi/vec4 215, 0, 10;
    %assign/vec4 v0xd093e0_0, 0;
    %pushi/vec4 250, 0, 10;
    %assign/vec4 v0xd094d0_0, 0;
    %pushi/vec4 153, 0, 10;
    %assign/vec4 v0xd096c0_0, 0;
    %pushi/vec4 250, 0, 10;
    %assign/vec4 v0xd097a0_0, 0;
    %jmp T_0.13;
T_0.5 ;
    %pushi/vec4 248, 0, 10;
    %assign/vec4 v0xca1070_0, 0;
    %pushi/vec4 188, 0, 10;
    %assign/vec4 v0xd09300_0, 0;
    %pushi/vec4 217, 0, 10;
    %assign/vec4 v0xd093e0_0, 0;
    %pushi/vec4 250, 0, 10;
    %assign/vec4 v0xd094d0_0, 0;
    %pushi/vec4 279, 0, 10;
    %assign/vec4 v0xd096c0_0, 0;
    %pushi/vec4 250, 0, 10;
    %assign/vec4 v0xd097a0_0, 0;
    %jmp T_0.13;
T_0.6 ;
    %pushi/vec4 312, 0, 10;
    %assign/vec4 v0xca1070_0, 0;
    %pushi/vec4 188, 0, 10;
    %assign/vec4 v0xd09300_0, 0;
    %pushi/vec4 281, 0, 10;
    %assign/vec4 v0xd093e0_0, 0;
    %pushi/vec4 250, 0, 10;
    %assign/vec4 v0xd094d0_0, 0;
    %pushi/vec4 343, 0, 10;
    %assign/vec4 v0xd096c0_0, 0;
    %pushi/vec4 250, 0, 10;
    %assign/vec4 v0xd097a0_0, 0;
    %jmp T_0.13;
T_0.7 ;
    %pushi/vec4 314, 0, 10;
    %assign/vec4 v0xca1070_0, 0;
    %pushi/vec4 188, 0, 10;
    %assign/vec4 v0xd09300_0, 0;
    %pushi/vec4 376, 0, 10;
    %assign/vec4 v0xd093e0_0, 0;
    %pushi/vec4 188, 0, 10;
    %assign/vec4 v0xd094d0_0, 0;
    %pushi/vec4 345, 0, 10;
    %assign/vec4 v0xd096c0_0, 0;
    %pushi/vec4 250, 0, 10;
    %assign/vec4 v0xd097a0_0, 0;
    %jmp T_0.13;
T_0.8 ;
    %pushi/vec4 216, 0, 10;
    %assign/vec4 v0xca1070_0, 0;
    %pushi/vec4 252, 0, 10;
    %assign/vec4 v0xd09300_0, 0;
    %pushi/vec4 185, 0, 10;
    %assign/vec4 v0xd093e0_0, 0;
    %pushi/vec4 314, 0, 10;
    %assign/vec4 v0xd094d0_0, 0;
    %pushi/vec4 247, 0, 10;
    %assign/vec4 v0xd096c0_0, 0;
    %pushi/vec4 314, 0, 10;
    %assign/vec4 v0xd097a0_0, 0;
    %jmp T_0.13;
T_0.9 ;
    %pushi/vec4 280, 0, 10;
    %assign/vec4 v0xca1070_0, 0;
    %pushi/vec4 252, 0, 10;
    %assign/vec4 v0xd09300_0, 0;
    %pushi/vec4 249, 0, 10;
    %assign/vec4 v0xd093e0_0, 0;
    %pushi/vec4 314, 0, 10;
    %assign/vec4 v0xd094d0_0, 0;
    %pushi/vec4 233, 0, 10;
    %assign/vec4 v0xd096c0_0, 0;
    %pushi/vec4 314, 0, 10;
    %assign/vec4 v0xd097a0_0, 0;
    %jmp T_0.13;
T_0.10 ;
    %pushi/vec4 184, 0, 10;
    %assign/vec4 v0xca1070_0, 0;
    %pushi/vec4 317, 0, 10;
    %assign/vec4 v0xd09300_0, 0;
    %pushi/vec4 246, 0, 10;
    %assign/vec4 v0xd093e0_0, 0;
    %pushi/vec4 317, 0, 10;
    %assign/vec4 v0xd094d0_0, 0;
    %pushi/vec4 215, 0, 10;
    %assign/vec4 v0xd096c0_0, 0;
    %pushi/vec4 379, 0, 10;
    %assign/vec4 v0xd097a0_0, 0;
    %jmp T_0.13;
T_0.11 ;
    %pushi/vec4 250, 0, 10;
    %assign/vec4 v0xca1070_0, 0;
    %pushi/vec4 317, 0, 10;
    %assign/vec4 v0xd09300_0, 0;
    %pushi/vec4 312, 0, 10;
    %assign/vec4 v0xd093e0_0, 0;
    %pushi/vec4 317, 0, 10;
    %assign/vec4 v0xd094d0_0, 0;
    %pushi/vec4 281, 0, 10;
    %assign/vec4 v0xd096c0_0, 0;
    %pushi/vec4 379, 0, 10;
    %assign/vec4 v0xd097a0_0, 0;
    %jmp T_0.13;
T_0.12 ;
    %pushi/vec4 217, 0, 10;
    %assign/vec4 v0xca1070_0, 0;
    %pushi/vec4 381, 0, 10;
    %assign/vec4 v0xd09300_0, 0;
    %pushi/vec4 279, 0, 10;
    %assign/vec4 v0xd093e0_0, 0;
    %pushi/vec4 381, 0, 10;
    %assign/vec4 v0xd094d0_0, 0;
    %pushi/vec4 248, 0, 10;
    %assign/vec4 v0xd096c0_0, 0;
    %pushi/vec4 443, 0, 10;
    %assign/vec4 v0xd097a0_0, 0;
    %jmp T_0.13;
T_0.13 ;
    %pop/vec4 1;
    %jmp T_0;
    .thread T_0;
# The file index is used to find the file name in the following table.
:file_names 3;
    "N/A";
    "<interactive>";
    "ramSyncControl.v";
